<?xml version="1.0" encoding="UTF-8"?>
<testsuite xmlns:xsi="http://www.w3.org/2001/XMLSchema-instance" xsi:noNamespaceSchemaLocation="https://maven.apache.org/surefire/maven-surefire-plugin/xsd/surefire-test-report.xsd" version="3.0.2" name="com.backend.tutor_app.servicesImpl.AuthServiceImplTest" time="1.911" tests="11" errors="0" skipped="0" failures="0">
  <properties>
    <property name="java.specification.version" value="17"/>
    <property name="sun.jnu.encoding" value="UTF-8"/>
    <property name="java.class.path" value="/home/hels/Desktop/TutorApp project/TutorApp-fullstack/TutorApp-backend/target/test-classes:/home/hels/Desktop/TutorApp project/TutorApp-fullstack/TutorApp-backend/target/classes:/home/hels/.m2/repository/org/springframework/boot/spring-boot-starter-data-jpa/3.5.6/spring-boot-starter-data-jpa-3.5.6.jar:/home/hels/.m2/repository/org/springframework/boot/spring-boot-starter/3.5.6/spring-boot-starter-3.5.6.jar:/home/hels/.m2/repository/org/springframework/boot/spring-boot/3.5.6/spring-boot-3.5.6.jar:/home/hels/.m2/repository/org/springframework/boot/spring-boot-autoconfigure/3.5.6/spring-boot-autoconfigure-3.5.6.jar:/home/hels/.m2/repository/org/springframework/boot/spring-boot-starter-logging/3.5.6/spring-boot-starter-logging-3.5.6.jar:/home/hels/.m2/repository/ch/qos/logback/logback-classic/1.5.18/logback-classic-1.5.18.jar:/home/hels/.m2/repository/ch/qos/logback/logback-core/1.5.18/logback-core-1.5.18.jar:/home/hels/.m2/repository/org/apache/logging/log4j/log4j-to-slf4j/2.24.3/log4j-to-slf4j-2.24.3.jar:/home/hels/.m2/repository/org/apache/logging/log4j/log4j-api/2.24.3/log4j-api-2.24.3.jar:/home/hels/.m2/repository/org/slf4j/jul-to-slf4j/2.0.17/jul-to-slf4j-2.0.17.jar:/home/hels/.m2/repository/jakarta/annotation/jakarta.annotation-api/2.1.1/jakarta.annotation-api-2.1.1.jar:/home/hels/.m2/repository/org/yaml/snakeyaml/2.4/snakeyaml-2.4.jar:/home/hels/.m2/repository/org/springframework/boot/spring-boot-starter-jdbc/3.5.6/spring-boot-starter-jdbc-3.5.6.jar:/home/hels/.m2/repository/com/zaxxer/HikariCP/6.3.3/HikariCP-6.3.3.jar:/home/hels/.m2/repository/org/springframework/spring-jdbc/6.2.11/spring-jdbc-6.2.11.jar:/home/hels/.m2/repository/org/hibernate/orm/hibernate-core/6.6.29.Final/hibernate-core-6.6.29.Final.jar:/home/hels/.m2/repository/jakarta/persistence/jakarta.persistence-api/3.1.0/jakarta.persistence-api-3.1.0.jar:/home/hels/.m2/repository/jakarta/transaction/jakarta.transaction-api/2.0.1/jakarta.transaction-api-2.0.1.jar:/home/hels/.m2/repository/org/jboss/logging/jboss-logging/3.6.1.Final/jboss-logging-3.6.1.Final.jar:/home/hels/.m2/repository/org/hibernate/common/hibernate-commons-annotations/7.0.3.Final/hibernate-commons-annotations-7.0.3.Final.jar:/home/hels/.m2/repository/io/smallrye/jandex/3.2.0/jandex-3.2.0.jar:/home/hels/.m2/repository/com/fasterxml/classmate/1.7.0/classmate-1.7.0.jar:/home/hels/.m2/repository/net/bytebuddy/byte-buddy/1.17.7/byte-buddy-1.17.7.jar:/home/hels/.m2/repository/org/glassfish/jaxb/jaxb-runtime/4.0.5/jaxb-runtime-4.0.5.jar:/home/hels/.m2/repository/org/glassfish/jaxb/jaxb-core/4.0.5/jaxb-core-4.0.5.jar:/home/hels/.m2/repository/org/glassfish/jaxb/txw2/4.0.5/txw2-4.0.5.jar:/home/hels/.m2/repository/com/sun/istack/istack-commons-runtime/4.1.2/istack-commons-runtime-4.1.2.jar:/home/hels/.m2/repository/jakarta/inject/jakarta.inject-api/2.0.1/jakarta.inject-api-2.0.1.jar:/home/hels/.m2/repository/org/antlr/antlr4-runtime/4.13.0/antlr4-runtime-4.13.0.jar:/home/hels/.m2/repository/org/springframework/data/spring-data-jpa/3.5.4/spring-data-jpa-3.5.4.jar:/home/hels/.m2/repository/org/springframework/data/spring-data-commons/3.5.4/spring-data-commons-3.5.4.jar:/home/hels/.m2/repository/org/springframework/spring-orm/6.2.11/spring-orm-6.2.11.jar:/home/hels/.m2/repository/org/springframework/spring-context/6.2.11/spring-context-6.2.11.jar:/home/hels/.m2/repository/org/springframework/spring-tx/6.2.11/spring-tx-6.2.11.jar:/home/hels/.m2/repository/org/springframework/spring-beans/6.2.11/spring-beans-6.2.11.jar:/home/hels/.m2/repository/org/slf4j/slf4j-api/2.0.17/slf4j-api-2.0.17.jar:/home/hels/.m2/repository/org/springframework/spring-aspects/6.2.11/spring-aspects-6.2.11.jar:/home/hels/.m2/repository/org/aspectj/aspectjweaver/1.9.24/aspectjweaver-1.9.24.jar:/home/hels/.m2/repository/org/springframework/boot/spring-boot-starter-mail/3.5.6/spring-boot-starter-mail-3.5.6.jar:/home/hels/.m2/repository/org/springframework/spring-context-support/6.2.11/spring-context-support-6.2.11.jar:/home/hels/.m2/repository/org/eclipse/angus/jakarta.mail/2.0.4/jakarta.mail-2.0.4.jar:/home/hels/.m2/repository/jakarta/activation/jakarta.activation-api/2.1.4/jakarta.activation-api-2.1.4.jar:/home/hels/.m2/repository/org/eclipse/angus/angus-activation/2.0.2/angus-activation-2.0.2.jar:/home/hels/.m2/repository/org/springframework/boot/spring-boot-starter-validation/3.5.6/spring-boot-starter-validation-3.5.6.jar:/home/hels/.m2/repository/org/apache/tomcat/embed/tomcat-embed-el/10.1.46/tomcat-embed-el-10.1.46.jar:/home/hels/.m2/repository/org/hibernate/validator/hibernate-validator/8.0.3.Final/hibernate-validator-8.0.3.Final.jar:/home/hels/.m2/repository/jakarta/validation/jakarta.validation-api/3.0.2/jakarta.validation-api-3.0.2.jar:/home/hels/.m2/repository/org/springframework/boot/spring-boot-starter-security/3.5.6/spring-boot-starter-security-3.5.6.jar:/home/hels/.m2/repository/org/springframework/spring-aop/6.2.11/spring-aop-6.2.11.jar:/home/hels/.m2/repository/org/springframework/security/spring-security-config/6.5.5/spring-security-config-6.5.5.jar:/home/hels/.m2/repository/org/springframework/security/spring-security-web/6.5.5/spring-security-web-6.5.5.jar:/home/hels/.m2/repository/org/springframework/spring-expression/6.2.11/spring-expression-6.2.11.jar:/home/hels/.m2/repository/org/springframework/boot/spring-boot-starter-oauth2-client/3.5.6/spring-boot-starter-oauth2-client-3.5.6.jar:/home/hels/.m2/repository/org/springframework/security/spring-security-core/6.5.5/spring-security-core-6.5.5.jar:/home/hels/.m2/repository/org/springframework/security/spring-security-crypto/6.5.5/spring-security-crypto-6.5.5.jar:/home/hels/.m2/repository/io/micrometer/micrometer-observation/1.15.4/micrometer-observation-1.15.4.jar:/home/hels/.m2/repository/io/micrometer/micrometer-commons/1.15.4/micrometer-commons-1.15.4.jar:/home/hels/.m2/repository/org/springframework/security/spring-security-oauth2-client/6.5.5/spring-security-oauth2-client-6.5.5.jar:/home/hels/.m2/repository/org/springframework/security/spring-security-oauth2-core/6.5.5/spring-security-oauth2-core-6.5.5.jar:/home/hels/.m2/repository/com/nimbusds/oauth2-oidc-sdk/9.43.6/oauth2-oidc-sdk-9.43.6.jar:/home/hels/.m2/repository/com/github/stephenc/jcip/jcip-annotations/1.0-1/jcip-annotations-1.0-1.jar:/home/hels/.m2/repository/com/nimbusds/content-type/2.2/content-type-2.2.jar:/home/hels/.m2/repository/com/nimbusds/lang-tag/1.7/lang-tag-1.7.jar:/home/hels/.m2/repository/org/springframework/security/spring-security-oauth2-jose/6.5.5/spring-security-oauth2-jose-6.5.5.jar:/home/hels/.m2/repository/com/nimbusds/nimbus-jose-jwt/9.37.4/nimbus-jose-jwt-9.37.4.jar:/home/hels/.m2/repository/org/springframework/boot/spring-boot-starter-data-redis/3.5.6/spring-boot-starter-data-redis-3.5.6.jar:/home/hels/.m2/repository/io/lettuce/lettuce-core/6.6.0.RELEASE/lettuce-core-6.6.0.RELEASE.jar:/home/hels/.m2/repository/redis/clients/authentication/redis-authx-core/0.1.1-beta2/redis-authx-core-0.1.1-beta2.jar:/home/hels/.m2/repository/io/netty/netty-common/4.1.127.Final/netty-common-4.1.127.Final.jar:/home/hels/.m2/repository/io/netty/netty-handler/4.1.127.Final/netty-handler-4.1.127.Final.jar:/home/hels/.m2/repository/io/netty/netty-resolver/4.1.127.Final/netty-resolver-4.1.127.Final.jar:/home/hels/.m2/repository/io/netty/netty-buffer/4.1.127.Final/netty-buffer-4.1.127.Final.jar:/home/hels/.m2/repository/io/netty/netty-transport-native-unix-common/4.1.127.Final/netty-transport-native-unix-common-4.1.127.Final.jar:/home/hels/.m2/repository/io/netty/netty-codec/4.1.127.Final/netty-codec-4.1.127.Final.jar:/home/hels/.m2/repository/io/netty/netty-transport/4.1.127.Final/netty-transport-4.1.127.Final.jar:/home/hels/.m2/repository/io/projectreactor/reactor-core/3.7.11/reactor-core-3.7.11.jar:/home/hels/.m2/repository/org/reactivestreams/reactive-streams/1.0.4/reactive-streams-1.0.4.jar:/home/hels/.m2/repository/org/springframework/data/spring-data-redis/3.5.4/spring-data-redis-3.5.4.jar:/home/hels/.m2/repository/org/springframework/data/spring-data-keyvalue/3.5.4/spring-data-keyvalue-3.5.4.jar:/home/hels/.m2/repository/org/springframework/spring-oxm/6.2.11/spring-oxm-6.2.11.jar:/home/hels/.m2/repository/io/jsonwebtoken/jjwt-api/0.11.5/jjwt-api-0.11.5.jar:/home/hels/.m2/repository/io/jsonwebtoken/jjwt-impl/0.11.5/jjwt-impl-0.11.5.jar:/home/hels/.m2/repository/io/jsonwebtoken/jjwt-jackson/0.11.5/jjwt-jackson-0.11.5.jar:/home/hels/.m2/repository/com/fasterxml/jackson/core/jackson-databind/2.19.2/jackson-databind-2.19.2.jar:/home/hels/.m2/repository/com/fasterxml/jackson/core/jackson-annotations/2.19.2/jackson-annotations-2.19.2.jar:/home/hels/.m2/repository/com/fasterxml/jackson/core/jackson-core/2.19.2/jackson-core-2.19.2.jar:/home/hels/.m2/repository/me/paulschwarz/spring-dotenv/3.0.0/spring-dotenv-3.0.0.jar:/home/hels/.m2/repository/io/github/cdimascio/dotenv-java/2.2.4/dotenv-java-2.2.4.jar:/home/hels/.m2/repository/org/springframework/boot/spring-boot-starter-thymeleaf/3.5.6/spring-boot-starter-thymeleaf-3.5.6.jar:/home/hels/.m2/repository/org/thymeleaf/thymeleaf-spring6/3.1.3.RELEASE/thymeleaf-spring6-3.1.3.RELEASE.jar:/home/hels/.m2/repository/org/thymeleaf/thymeleaf/3.1.3.RELEASE/thymeleaf-3.1.3.RELEASE.jar:/home/hels/.m2/repository/org/attoparser/attoparser/2.0.7.RELEASE/attoparser-2.0.7.RELEASE.jar:/home/hels/.m2/repository/org/unbescape/unbescape/1.1.6.RELEASE/unbescape-1.1.6.RELEASE.jar:/home/hels/.m2/repository/org/springdoc/springdoc-openapi-starter-webmvc-ui/2.8.9/springdoc-openapi-starter-webmvc-ui-2.8.9.jar:/home/hels/.m2/repository/org/springdoc/springdoc-openapi-starter-webmvc-api/2.8.9/springdoc-openapi-starter-webmvc-api-2.8.9.jar:/home/hels/.m2/repository/org/springdoc/springdoc-openapi-starter-common/2.8.9/springdoc-openapi-starter-common-2.8.9.jar:/home/hels/.m2/repository/io/swagger/core/v3/swagger-core-jakarta/2.2.30/swagger-core-jakarta-2.2.30.jar:/home/hels/.m2/repository/org/apache/commons/commons-lang3/3.17.0/commons-lang3-3.17.0.jar:/home/hels/.m2/repository/io/swagger/core/v3/swagger-annotations-jakarta/2.2.30/swagger-annotations-jakarta-2.2.30.jar:/home/hels/.m2/repository/io/swagger/core/v3/swagger-models-jakarta/2.2.30/swagger-models-jakarta-2.2.30.jar:/home/hels/.m2/repository/com/fasterxml/jackson/dataformat/jackson-dataformat-yaml/2.19.2/jackson-dataformat-yaml-2.19.2.jar:/home/hels/.m2/repository/org/webjars/swagger-ui/5.21.0/swagger-ui-5.21.0.jar:/home/hels/.m2/repository/org/webjars/webjars-locator-lite/1.1.0/webjars-locator-lite-1.1.0.jar:/home/hels/.m2/repository/org/jspecify/jspecify/1.0.0/jspecify-1.0.0.jar:/home/hels/.m2/repository/org/springframework/boot/spring-boot-starter-web/3.5.6/spring-boot-starter-web-3.5.6.jar:/home/hels/.m2/repository/org/springframework/boot/spring-boot-starter-json/3.5.6/spring-boot-starter-json-3.5.6.jar:/home/hels/.m2/repository/com/fasterxml/jackson/datatype/jackson-datatype-jdk8/2.19.2/jackson-datatype-jdk8-2.19.2.jar:/home/hels/.m2/repository/com/fasterxml/jackson/datatype/jackson-datatype-jsr310/2.19.2/jackson-datatype-jsr310-2.19.2.jar:/home/hels/.m2/repository/com/fasterxml/jackson/module/jackson-module-parameter-names/2.19.2/jackson-module-parameter-names-2.19.2.jar:/home/hels/.m2/repository/org/springframework/boot/spring-boot-starter-tomcat/3.5.6/spring-boot-starter-tomcat-3.5.6.jar:/home/hels/.m2/repository/org/apache/tomcat/embed/tomcat-embed-core/10.1.46/tomcat-embed-core-10.1.46.jar:/home/hels/.m2/repository/org/apache/tomcat/embed/tomcat-embed-websocket/10.1.46/tomcat-embed-websocket-10.1.46.jar:/home/hels/.m2/repository/org/springframework/spring-web/6.2.11/spring-web-6.2.11.jar:/home/hels/.m2/repository/org/springframework/spring-webmvc/6.2.11/spring-webmvc-6.2.11.jar:/home/hels/.m2/repository/org/postgresql/postgresql/42.7.7/postgresql-42.7.7.jar:/home/hels/.m2/repository/org/checkerframework/checker-qual/3.49.3/checker-qual-3.49.3.jar:/home/hels/.m2/repository/org/projectlombok/lombok/1.18.40/lombok-1.18.40.jar:/home/hels/.m2/repository/org/springframework/boot/spring-boot-starter-test/3.5.6/spring-boot-starter-test-3.5.6.jar:/home/hels/.m2/repository/org/springframework/boot/spring-boot-test/3.5.6/spring-boot-test-3.5.6.jar:/home/hels/.m2/repository/org/springframework/boot/spring-boot-test-autoconfigure/3.5.6/spring-boot-test-autoconfigure-3.5.6.jar:/home/hels/.m2/repository/com/jayway/jsonpath/json-path/2.9.0/json-path-2.9.0.jar:/home/hels/.m2/repository/jakarta/xml/bind/jakarta.xml.bind-api/4.0.2/jakarta.xml.bind-api-4.0.2.jar:/home/hels/.m2/repository/net/minidev/json-smart/2.5.2/json-smart-2.5.2.jar:/home/hels/.m2/repository/net/minidev/accessors-smart/2.5.2/accessors-smart-2.5.2.jar:/home/hels/.m2/repository/org/ow2/asm/asm/9.7.1/asm-9.7.1.jar:/home/hels/.m2/repository/org/assertj/assertj-core/3.27.4/assertj-core-3.27.4.jar:/home/hels/.m2/repository/org/awaitility/awaitility/4.2.2/awaitility-4.2.2.jar:/home/hels/.m2/repository/org/hamcrest/hamcrest/3.0/hamcrest-3.0.jar:/home/hels/.m2/repository/org/junit/jupiter/junit-jupiter/5.12.2/junit-jupiter-5.12.2.jar:/home/hels/.m2/repository/org/junit/jupiter/junit-jupiter-api/5.12.2/junit-jupiter-api-5.12.2.jar:/home/hels/.m2/repository/org/opentest4j/opentest4j/1.3.0/opentest4j-1.3.0.jar:/home/hels/.m2/repository/org/junit/platform/junit-platform-commons/1.12.2/junit-platform-commons-1.12.2.jar:/home/hels/.m2/repository/org/apiguardian/apiguardian-api/1.1.2/apiguardian-api-1.1.2.jar:/home/hels/.m2/repository/org/junit/jupiter/junit-jupiter-params/5.12.2/junit-jupiter-params-5.12.2.jar:/home/hels/.m2/repository/org/junit/jupiter/junit-jupiter-engine/5.12.2/junit-jupiter-engine-5.12.2.jar:/home/hels/.m2/repository/org/junit/platform/junit-platform-engine/1.12.2/junit-platform-engine-1.12.2.jar:/home/hels/.m2/repository/org/mockito/mockito-core/5.17.0/mockito-core-5.17.0.jar:/home/hels/.m2/repository/net/bytebuddy/byte-buddy-agent/1.17.7/byte-buddy-agent-1.17.7.jar:/home/hels/.m2/repository/org/objenesis/objenesis/3.3/objenesis-3.3.jar:/home/hels/.m2/repository/org/mockito/mockito-junit-jupiter/5.17.0/mockito-junit-jupiter-5.17.0.jar:/home/hels/.m2/repository/org/skyscreamer/jsonassert/1.5.3/jsonassert-1.5.3.jar:/home/hels/.m2/repository/com/vaadin/external/google/android-json/0.0.20131108.vaadin1/android-json-0.0.20131108.vaadin1.jar:/home/hels/.m2/repository/org/springframework/spring-core/6.2.11/spring-core-6.2.11.jar:/home/hels/.m2/repository/org/springframework/spring-jcl/6.2.11/spring-jcl-6.2.11.jar:/home/hels/.m2/repository/org/springframework/spring-test/6.2.11/spring-test-6.2.11.jar:/home/hels/.m2/repository/org/xmlunit/xmlunit-core/2.10.4/xmlunit-core-2.10.4.jar:"/>
    <property name="java.vm.vendor" value="Amazon.com Inc."/>
    <property name="sun.arch.data.model" value="64"/>
    <property name="java.vendor.url" value="https://aws.amazon.com/corretto/"/>
    <property name="user.timezone" value="Africa/Douala"/>
    <property name="os.name" value="Linux"/>
    <property name="java.vm.specification.version" value="17"/>
    <property name="user.country" value="US"/>
    <property name="sun.java.launcher" value="SUN_STANDARD"/>
    <property name="sun.boot.library.path" value="/home/hels/.jdks/corretto-17.0.14/lib"/>
    <property name="sun.java.command" value="/home/hels/Desktop/TutorApp project/TutorApp-fullstack/TutorApp-backend/target/surefire/surefirebooter-20251020185543397_3.jar /home/hels/Desktop/TutorApp project/TutorApp-fullstack/TutorApp-backend/target/surefire 2025-10-20T18-55-43_246-jvmRun1 surefire-20251020185543397_1tmp surefire_0-20251020185543397_2tmp"/>
    <property name="jdk.debug" value="release"/>
    <property name="surefire.test.class.path" value="/home/hels/Desktop/TutorApp project/TutorApp-fullstack/TutorApp-backend/target/test-classes:/home/hels/Desktop/TutorApp project/TutorApp-fullstack/TutorApp-backend/target/classes:/home/hels/.m2/repository/org/springframework/boot/spring-boot-starter-data-jpa/3.5.6/spring-boot-starter-data-jpa-3.5.6.jar:/home/hels/.m2/repository/org/springframework/boot/spring-boot-starter/3.5.6/spring-boot-starter-3.5.6.jar:/home/hels/.m2/repository/org/springframework/boot/spring-boot/3.5.6/spring-boot-3.5.6.jar:/home/hels/.m2/repository/org/springframework/boot/spring-boot-autoconfigure/3.5.6/spring-boot-autoconfigure-3.5.6.jar:/home/hels/.m2/repository/org/springframework/boot/spring-boot-starter-logging/3.5.6/spring-boot-starter-logging-3.5.6.jar:/home/hels/.m2/repository/ch/qos/logback/logback-classic/1.5.18/logback-classic-1.5.18.jar:/home/hels/.m2/repository/ch/qos/logback/logback-core/1.5.18/logback-core-1.5.18.jar:/home/hels/.m2/repository/org/apache/logging/log4j/log4j-to-slf4j/2.24.3/log4j-to-slf4j-2.24.3.jar:/home/hels/.m2/repository/org/apache/logging/log4j/log4j-api/2.24.3/log4j-api-2.24.3.jar:/home/hels/.m2/repository/org/slf4j/jul-to-slf4j/2.0.17/jul-to-slf4j-2.0.17.jar:/home/hels/.m2/repository/jakarta/annotation/jakarta.annotation-api/2.1.1/jakarta.annotation-api-2.1.1.jar:/home/hels/.m2/repository/org/yaml/snakeyaml/2.4/snakeyaml-2.4.jar:/home/hels/.m2/repository/org/springframework/boot/spring-boot-starter-jdbc/3.5.6/spring-boot-starter-jdbc-3.5.6.jar:/home/hels/.m2/repository/com/zaxxer/HikariCP/6.3.3/HikariCP-6.3.3.jar:/home/hels/.m2/repository/org/springframework/spring-jdbc/6.2.11/spring-jdbc-6.2.11.jar:/home/hels/.m2/repository/org/hibernate/orm/hibernate-core/6.6.29.Final/hibernate-core-6.6.29.Final.jar:/home/hels/.m2/repository/jakarta/persistence/jakarta.persistence-api/3.1.0/jakarta.persistence-api-3.1.0.jar:/home/hels/.m2/repository/jakarta/transaction/jakarta.transaction-api/2.0.1/jakarta.transaction-api-2.0.1.jar:/home/hels/.m2/repository/org/jboss/logging/jboss-logging/3.6.1.Final/jboss-logging-3.6.1.Final.jar:/home/hels/.m2/repository/org/hibernate/common/hibernate-commons-annotations/7.0.3.Final/hibernate-commons-annotations-7.0.3.Final.jar:/home/hels/.m2/repository/io/smallrye/jandex/3.2.0/jandex-3.2.0.jar:/home/hels/.m2/repository/com/fasterxml/classmate/1.7.0/classmate-1.7.0.jar:/home/hels/.m2/repository/net/bytebuddy/byte-buddy/1.17.7/byte-buddy-1.17.7.jar:/home/hels/.m2/repository/org/glassfish/jaxb/jaxb-runtime/4.0.5/jaxb-runtime-4.0.5.jar:/home/hels/.m2/repository/org/glassfish/jaxb/jaxb-core/4.0.5/jaxb-core-4.0.5.jar:/home/hels/.m2/repository/org/glassfish/jaxb/txw2/4.0.5/txw2-4.0.5.jar:/home/hels/.m2/repository/com/sun/istack/istack-commons-runtime/4.1.2/istack-commons-runtime-4.1.2.jar:/home/hels/.m2/repository/jakarta/inject/jakarta.inject-api/2.0.1/jakarta.inject-api-2.0.1.jar:/home/hels/.m2/repository/org/antlr/antlr4-runtime/4.13.0/antlr4-runtime-4.13.0.jar:/home/hels/.m2/repository/org/springframework/data/spring-data-jpa/3.5.4/spring-data-jpa-3.5.4.jar:/home/hels/.m2/repository/org/springframework/data/spring-data-commons/3.5.4/spring-data-commons-3.5.4.jar:/home/hels/.m2/repository/org/springframework/spring-orm/6.2.11/spring-orm-6.2.11.jar:/home/hels/.m2/repository/org/springframework/spring-context/6.2.11/spring-context-6.2.11.jar:/home/hels/.m2/repository/org/springframework/spring-tx/6.2.11/spring-tx-6.2.11.jar:/home/hels/.m2/repository/org/springframework/spring-beans/6.2.11/spring-beans-6.2.11.jar:/home/hels/.m2/repository/org/slf4j/slf4j-api/2.0.17/slf4j-api-2.0.17.jar:/home/hels/.m2/repository/org/springframework/spring-aspects/6.2.11/spring-aspects-6.2.11.jar:/home/hels/.m2/repository/org/aspectj/aspectjweaver/1.9.24/aspectjweaver-1.9.24.jar:/home/hels/.m2/repository/org/springframework/boot/spring-boot-starter-mail/3.5.6/spring-boot-starter-mail-3.5.6.jar:/home/hels/.m2/repository/org/springframework/spring-context-support/6.2.11/spring-context-support-6.2.11.jar:/home/hels/.m2/repository/org/eclipse/angus/jakarta.mail/2.0.4/jakarta.mail-2.0.4.jar:/home/hels/.m2/repository/jakarta/activation/jakarta.activation-api/2.1.4/jakarta.activation-api-2.1.4.jar:/home/hels/.m2/repository/org/eclipse/angus/angus-activation/2.0.2/angus-activation-2.0.2.jar:/home/hels/.m2/repository/org/springframework/boot/spring-boot-starter-validation/3.5.6/spring-boot-starter-validation-3.5.6.jar:/home/hels/.m2/repository/org/apache/tomcat/embed/tomcat-embed-el/10.1.46/tomcat-embed-el-10.1.46.jar:/home/hels/.m2/repository/org/hibernate/validator/hibernate-validator/8.0.3.Final/hibernate-validator-8.0.3.Final.jar:/home/hels/.m2/repository/jakarta/validation/jakarta.validation-api/3.0.2/jakarta.validation-api-3.0.2.jar:/home/hels/.m2/repository/org/springframework/boot/spring-boot-starter-security/3.5.6/spring-boot-starter-security-3.5.6.jar:/home/hels/.m2/repository/org/springframework/spring-aop/6.2.11/spring-aop-6.2.11.jar:/home/hels/.m2/repository/org/springframework/security/spring-security-config/6.5.5/spring-security-config-6.5.5.jar:/home/hels/.m2/repository/org/springframework/security/spring-security-web/6.5.5/spring-security-web-6.5.5.jar:/home/hels/.m2/repository/org/springframework/spring-expression/6.2.11/spring-expression-6.2.11.jar:/home/hels/.m2/repository/org/springframework/boot/spring-boot-starter-oauth2-client/3.5.6/spring-boot-starter-oauth2-client-3.5.6.jar:/home/hels/.m2/repository/org/springframework/security/spring-security-core/6.5.5/spring-security-core-6.5.5.jar:/home/hels/.m2/repository/org/springframework/security/spring-security-crypto/6.5.5/spring-security-crypto-6.5.5.jar:/home/hels/.m2/repository/io/micrometer/micrometer-observation/1.15.4/micrometer-observation-1.15.4.jar:/home/hels/.m2/repository/io/micrometer/micrometer-commons/1.15.4/micrometer-commons-1.15.4.jar:/home/hels/.m2/repository/org/springframework/security/spring-security-oauth2-client/6.5.5/spring-security-oauth2-client-6.5.5.jar:/home/hels/.m2/repository/org/springframework/security/spring-security-oauth2-core/6.5.5/spring-security-oauth2-core-6.5.5.jar:/home/hels/.m2/repository/com/nimbusds/oauth2-oidc-sdk/9.43.6/oauth2-oidc-sdk-9.43.6.jar:/home/hels/.m2/repository/com/github/stephenc/jcip/jcip-annotations/1.0-1/jcip-annotations-1.0-1.jar:/home/hels/.m2/repository/com/nimbusds/content-type/2.2/content-type-2.2.jar:/home/hels/.m2/repository/com/nimbusds/lang-tag/1.7/lang-tag-1.7.jar:/home/hels/.m2/repository/org/springframework/security/spring-security-oauth2-jose/6.5.5/spring-security-oauth2-jose-6.5.5.jar:/home/hels/.m2/repository/com/nimbusds/nimbus-jose-jwt/9.37.4/nimbus-jose-jwt-9.37.4.jar:/home/hels/.m2/repository/org/springframework/boot/spring-boot-starter-data-redis/3.5.6/spring-boot-starter-data-redis-3.5.6.jar:/home/hels/.m2/repository/io/lettuce/lettuce-core/6.6.0.RELEASE/lettuce-core-6.6.0.RELEASE.jar:/home/hels/.m2/repository/redis/clients/authentication/redis-authx-core/0.1.1-beta2/redis-authx-core-0.1.1-beta2.jar:/home/hels/.m2/repository/io/netty/netty-common/4.1.127.Final/netty-common-4.1.127.Final.jar:/home/hels/.m2/repository/io/netty/netty-handler/4.1.127.Final/netty-handler-4.1.127.Final.jar:/home/hels/.m2/repository/io/netty/netty-resolver/4.1.127.Final/netty-resolver-4.1.127.Final.jar:/home/hels/.m2/repository/io/netty/netty-buffer/4.1.127.Final/netty-buffer-4.1.127.Final.jar:/home/hels/.m2/repository/io/netty/netty-transport-native-unix-common/4.1.127.Final/netty-transport-native-unix-common-4.1.127.Final.jar:/home/hels/.m2/repository/io/netty/netty-codec/4.1.127.Final/netty-codec-4.1.127.Final.jar:/home/hels/.m2/repository/io/netty/netty-transport/4.1.127.Final/netty-transport-4.1.127.Final.jar:/home/hels/.m2/repository/io/projectreactor/reactor-core/3.7.11/reactor-core-3.7.11.jar:/home/hels/.m2/repository/org/reactivestreams/reactive-streams/1.0.4/reactive-streams-1.0.4.jar:/home/hels/.m2/repository/org/springframework/data/spring-data-redis/3.5.4/spring-data-redis-3.5.4.jar:/home/hels/.m2/repository/org/springframework/data/spring-data-keyvalue/3.5.4/spring-data-keyvalue-3.5.4.jar:/home/hels/.m2/repository/org/springframework/spring-oxm/6.2.11/spring-oxm-6.2.11.jar:/home/hels/.m2/repository/io/jsonwebtoken/jjwt-api/0.11.5/jjwt-api-0.11.5.jar:/home/hels/.m2/repository/io/jsonwebtoken/jjwt-impl/0.11.5/jjwt-impl-0.11.5.jar:/home/hels/.m2/repository/io/jsonwebtoken/jjwt-jackson/0.11.5/jjwt-jackson-0.11.5.jar:/home/hels/.m2/repository/com/fasterxml/jackson/core/jackson-databind/2.19.2/jackson-databind-2.19.2.jar:/home/hels/.m2/repository/com/fasterxml/jackson/core/jackson-annotations/2.19.2/jackson-annotations-2.19.2.jar:/home/hels/.m2/repository/com/fasterxml/jackson/core/jackson-core/2.19.2/jackson-core-2.19.2.jar:/home/hels/.m2/repository/me/paulschwarz/spring-dotenv/3.0.0/spring-dotenv-3.0.0.jar:/home/hels/.m2/repository/io/github/cdimascio/dotenv-java/2.2.4/dotenv-java-2.2.4.jar:/home/hels/.m2/repository/org/springframework/boot/spring-boot-starter-thymeleaf/3.5.6/spring-boot-starter-thymeleaf-3.5.6.jar:/home/hels/.m2/repository/org/thymeleaf/thymeleaf-spring6/3.1.3.RELEASE/thymeleaf-spring6-3.1.3.RELEASE.jar:/home/hels/.m2/repository/org/thymeleaf/thymeleaf/3.1.3.RELEASE/thymeleaf-3.1.3.RELEASE.jar:/home/hels/.m2/repository/org/attoparser/attoparser/2.0.7.RELEASE/attoparser-2.0.7.RELEASE.jar:/home/hels/.m2/repository/org/unbescape/unbescape/1.1.6.RELEASE/unbescape-1.1.6.RELEASE.jar:/home/hels/.m2/repository/org/springdoc/springdoc-openapi-starter-webmvc-ui/2.8.9/springdoc-openapi-starter-webmvc-ui-2.8.9.jar:/home/hels/.m2/repository/org/springdoc/springdoc-openapi-starter-webmvc-api/2.8.9/springdoc-openapi-starter-webmvc-api-2.8.9.jar:/home/hels/.m2/repository/org/springdoc/springdoc-openapi-starter-common/2.8.9/springdoc-openapi-starter-common-2.8.9.jar:/home/hels/.m2/repository/io/swagger/core/v3/swagger-core-jakarta/2.2.30/swagger-core-jakarta-2.2.30.jar:/home/hels/.m2/repository/org/apache/commons/commons-lang3/3.17.0/commons-lang3-3.17.0.jar:/home/hels/.m2/repository/io/swagger/core/v3/swagger-annotations-jakarta/2.2.30/swagger-annotations-jakarta-2.2.30.jar:/home/hels/.m2/repository/io/swagger/core/v3/swagger-models-jakarta/2.2.30/swagger-models-jakarta-2.2.30.jar:/home/hels/.m2/repository/com/fasterxml/jackson/dataformat/jackson-dataformat-yaml/2.19.2/jackson-dataformat-yaml-2.19.2.jar:/home/hels/.m2/repository/org/webjars/swagger-ui/5.21.0/swagger-ui-5.21.0.jar:/home/hels/.m2/repository/org/webjars/webjars-locator-lite/1.1.0/webjars-locator-lite-1.1.0.jar:/home/hels/.m2/repository/org/jspecify/jspecify/1.0.0/jspecify-1.0.0.jar:/home/hels/.m2/repository/org/springframework/boot/spring-boot-starter-web/3.5.6/spring-boot-starter-web-3.5.6.jar:/home/hels/.m2/repository/org/springframework/boot/spring-boot-starter-json/3.5.6/spring-boot-starter-json-3.5.6.jar:/home/hels/.m2/repository/com/fasterxml/jackson/datatype/jackson-datatype-jdk8/2.19.2/jackson-datatype-jdk8-2.19.2.jar:/home/hels/.m2/repository/com/fasterxml/jackson/datatype/jackson-datatype-jsr310/2.19.2/jackson-datatype-jsr310-2.19.2.jar:/home/hels/.m2/repository/com/fasterxml/jackson/module/jackson-module-parameter-names/2.19.2/jackson-module-parameter-names-2.19.2.jar:/home/hels/.m2/repository/org/springframework/boot/spring-boot-starter-tomcat/3.5.6/spring-boot-starter-tomcat-3.5.6.jar:/home/hels/.m2/repository/org/apache/tomcat/embed/tomcat-embed-core/10.1.46/tomcat-embed-core-10.1.46.jar:/home/hels/.m2/repository/org/apache/tomcat/embed/tomcat-embed-websocket/10.1.46/tomcat-embed-websocket-10.1.46.jar:/home/hels/.m2/repository/org/springframework/spring-web/6.2.11/spring-web-6.2.11.jar:/home/hels/.m2/repository/org/springframework/spring-webmvc/6.2.11/spring-webmvc-6.2.11.jar:/home/hels/.m2/repository/org/postgresql/postgresql/42.7.7/postgresql-42.7.7.jar:/home/hels/.m2/repository/org/checkerframework/checker-qual/3.49.3/checker-qual-3.49.3.jar:/home/hels/.m2/repository/org/projectlombok/lombok/1.18.40/lombok-1.18.40.jar:/home/hels/.m2/repository/org/springframework/boot/spring-boot-starter-test/3.5.6/spring-boot-starter-test-3.5.6.jar:/home/hels/.m2/repository/org/springframework/boot/spring-boot-test/3.5.6/spring-boot-test-3.5.6.jar:/home/hels/.m2/repository/org/springframework/boot/spring-boot-test-autoconfigure/3.5.6/spring-boot-test-autoconfigure-3.5.6.jar:/home/hels/.m2/repository/com/jayway/jsonpath/json-path/2.9.0/json-path-2.9.0.jar:/home/hels/.m2/repository/jakarta/xml/bind/jakarta.xml.bind-api/4.0.2/jakarta.xml.bind-api-4.0.2.jar:/home/hels/.m2/repository/net/minidev/json-smart/2.5.2/json-smart-2.5.2.jar:/home/hels/.m2/repository/net/minidev/accessors-smart/2.5.2/accessors-smart-2.5.2.jar:/home/hels/.m2/repository/org/ow2/asm/asm/9.7.1/asm-9.7.1.jar:/home/hels/.m2/repository/org/assertj/assertj-core/3.27.4/assertj-core-3.27.4.jar:/home/hels/.m2/repository/org/awaitility/awaitility/4.2.2/awaitility-4.2.2.jar:/home/hels/.m2/repository/org/hamcrest/hamcrest/3.0/hamcrest-3.0.jar:/home/hels/.m2/repository/org/junit/jupiter/junit-jupiter/5.12.2/junit-jupiter-5.12.2.jar:/home/hels/.m2/repository/org/junit/jupiter/junit-jupiter-api/5.12.2/junit-jupiter-api-5.12.2.jar:/home/hels/.m2/repository/org/opentest4j/opentest4j/1.3.0/opentest4j-1.3.0.jar:/home/hels/.m2/repository/org/junit/platform/junit-platform-commons/1.12.2/junit-platform-commons-1.12.2.jar:/home/hels/.m2/repository/org/apiguardian/apiguardian-api/1.1.2/apiguardian-api-1.1.2.jar:/home/hels/.m2/repository/org/junit/jupiter/junit-jupiter-params/5.12.2/junit-jupiter-params-5.12.2.jar:/home/hels/.m2/repository/org/junit/jupiter/junit-jupiter-engine/5.12.2/junit-jupiter-engine-5.12.2.jar:/home/hels/.m2/repository/org/junit/platform/junit-platform-engine/1.12.2/junit-platform-engine-1.12.2.jar:/home/hels/.m2/repository/org/mockito/mockito-core/5.17.0/mockito-core-5.17.0.jar:/home/hels/.m2/repository/net/bytebuddy/byte-buddy-agent/1.17.7/byte-buddy-agent-1.17.7.jar:/home/hels/.m2/repository/org/objenesis/objenesis/3.3/objenesis-3.3.jar:/home/hels/.m2/repository/org/mockito/mockito-junit-jupiter/5.17.0/mockito-junit-jupiter-5.17.0.jar:/home/hels/.m2/repository/org/skyscreamer/jsonassert/1.5.3/jsonassert-1.5.3.jar:/home/hels/.m2/repository/com/vaadin/external/google/android-json/0.0.20131108.vaadin1/android-json-0.0.20131108.vaadin1.jar:/home/hels/.m2/repository/org/springframework/spring-core/6.2.11/spring-core-6.2.11.jar:/home/hels/.m2/repository/org/springframework/spring-jcl/6.2.11/spring-jcl-6.2.11.jar:/home/hels/.m2/repository/org/springframework/spring-test/6.2.11/spring-test-6.2.11.jar:/home/hels/.m2/repository/org/xmlunit/xmlunit-core/2.10.4/xmlunit-core-2.10.4.jar:"/>
    <property name="sun.cpu.endian" value="little"/>
    <property name="user.home" value="/home/hels"/>
    <property name="user.language" value="en"/>
    <property name="java.specification.vendor" value="Oracle Corporation"/>
    <property name="java.version.date" value="2025-01-21"/>
    <property name="java.home" value="/home/hels/.jdks/corretto-17.0.14"/>
    <property name="file.separator" value="/"/>
    <property name="style.color" value="always"/>
    <property name="basedir" value="/home/hels/Desktop/TutorApp project/TutorApp-fullstack/TutorApp-backend"/>
    <property name="java.vm.compressedOopsMode" value="Zero based"/>
    <property name="line.separator" value="&#10;"/>
    <property name="java.vm.specification.vendor" value="Oracle Corporation"/>
    <property name="java.specification.name" value="Java Platform API Specification"/>
    <property name="surefire.real.class.path" value="/home/hels/Desktop/TutorApp project/TutorApp-fullstack/TutorApp-backend/target/surefire/surefirebooter-20251020185543397_3.jar"/>
    <property name="sun.management.compiler" value="HotSpot 64-Bit Tiered Compilers"/>
    <property name="java.runtime.version" value="17.0.14+7-LTS"/>
    <property name="user.name" value="hels"/>
    <property name="path.separator" value=":"/>
    <property name="os.version" value="6.8.0-85-generic"/>
    <property name="java.runtime.name" value="OpenJDK Runtime Environment"/>
    <property name="file.encoding" value="UTF-8"/>
    <property name="java.vm.name" value="OpenJDK 64-Bit Server VM"/>
    <property name="java.vendor.version" value="Corretto-17.0.14.7.1"/>
    <property name="maven.ext.class.path" value="/snap/intellij-idea-ultimate/668/plugins/maven/lib/maven-event-listener.jar"/>
    <property name="localRepository" value="/home/hels/.m2/repository"/>
    <property name="java.vendor.url.bug" value="https://github.com/corretto/corretto-17/issues/"/>
    <property name="java.io.tmpdir" value="/tmp"/>
    <property name="idea.version" value="2025.2.3"/>
    <property name="java.version" value="17.0.14"/>
    <property name="user.dir" value="/home/hels/Desktop/TutorApp project/TutorApp-fullstack/TutorApp-backend"/>
    <property name="os.arch" value="amd64"/>
    <property name="jansi.passthrough" value="true"/>
    <property name="java.vm.specification.name" value="Java Virtual Machine Specification"/>
    <property name="native.encoding" value="UTF-8"/>
    <property name="java.library.path" value="/usr/java/packages/lib:/usr/lib64:/lib64:/lib:/usr/lib"/>
    <property name="java.vm.info" value="mixed mode, sharing"/>
    <property name="java.vendor" value="Amazon.com Inc."/>
    <property name="java.vm.version" value="17.0.14+7-LTS"/>
    <property name="java.specification.maintenance.version" value="1"/>
    <property name="sun.io.unicode.encoding" value="UnicodeLittle"/>
    <property name="maven.repo.local" value="/home/hels/.m2/repository"/>
    <property name="java.class.version" value="61.0"/>
  </properties>
  <testcase name="testRegister_TokensGenerated" classname="Tests AuthServiceImpl - Logique Inscription" time="1.675">
    <system-out><![CDATA[18:55:46.002 [main] INFO com.backend.tutor_app.servicesImpl.AuthServiceImpl -- Tentative d'inscription pour l'email: john.doe@example.com
18:55:46.012 [main] INFO com.backend.tutor_app.servicesImpl.AuthServiceImpl -- Inscription réussie pour l'utilisateur: john.doe@example.com
]]></system-out>
  </testcase>
  <testcase name="testRegister_Success_Tutor" classname="Tests AuthServiceImpl - Logique Inscription" time="0.02">
    <system-out><![CDATA[18:55:46.149 [main] INFO com.backend.tutor_app.servicesImpl.AuthServiceImpl -- Tentative d'inscription pour l'email: john.doe@example.com
18:55:46.150 [main] INFO com.backend.tutor_app.servicesImpl.AuthServiceImpl -- Inscription réussie pour l'utilisateur: john.doe@example.com
]]></system-out>
  </testcase>
  <testcase name="testRegister_InitialStatusPendingVerification" classname="Tests AuthServiceImpl - Logique Inscription" time="0.018">
    <system-out><![CDATA[18:55:46.173 [main] INFO com.backend.tutor_app.servicesImpl.AuthServiceImpl -- Tentative d'inscription pour l'email: john.doe@example.com
18:55:46.175 [main] INFO com.backend.tutor_app.servicesImpl.AuthServiceImpl -- Inscription réussie pour l'utilisateur: john.doe@example.com
]]></system-out>
  </testcase>
  <testcase name="testRegister_RateLimitExceeded" classname="Tests AuthServiceImpl - Logique Inscription" time="0.029">
    <system-out><![CDATA[18:55:46.192 [main] INFO com.backend.tutor_app.servicesImpl.AuthServiceImpl -- Tentative d'inscription pour l'email: john.doe@example.com
18:55:46.192 [main] WARN com.backend.tutor_app.servicesImpl.AuthServiceImpl -- Tentative d'inscription bloquée par rate limiting pour IP: 127.0.0.1
]]></system-out>
  </testcase>
  <testcase name="testRegister_RateLimitingRecorded" classname="Tests AuthServiceImpl - Logique Inscription" time="0.016">
    <system-out><![CDATA[18:55:46.223 [main] INFO com.backend.tutor_app.servicesImpl.AuthServiceImpl -- Tentative d'inscription pour l'email: john.doe@example.com
18:55:46.225 [main] INFO com.backend.tutor_app.servicesImpl.AuthServiceImpl -- Inscription réussie pour l'utilisateur: john.doe@example.com
]]></system-out>
  </testcase>
  <testcase name="testRegister_Success_Parent" classname="Tests AuthServiceImpl - Logique Inscription" time="0.012">
    <system-out><![CDATA[18:55:46.238 [main] INFO com.backend.tutor_app.servicesImpl.AuthServiceImpl -- Tentative d'inscription pour l'email: john.doe@example.com
18:55:46.240 [main] INFO com.backend.tutor_app.servicesImpl.AuthServiceImpl -- Inscription réussie pour l'utilisateur: john.doe@example.com
]]></system-out>
  </testcase>
  <testcase name="testRegister_ConsentFieldsPersisted" classname="Tests AuthServiceImpl - Logique Inscription" time="0.016">
    <system-out><![CDATA[18:55:46.255 [main] INFO com.backend.tutor_app.servicesImpl.AuthServiceImpl -- Tentative d'inscription pour l'email: john.doe@example.com
18:55:46.258 [main] INFO com.backend.tutor_app.servicesImpl.AuthServiceImpl -- Inscription réussie pour l'utilisateur: john.doe@example.com
]]></system-out>
  </testcase>
  <testcase name="testRegister_PasswordEncoded" classname="Tests AuthServiceImpl - Logique Inscription" time="0.018">
    <system-out><![CDATA[18:55:46.276 [main] INFO com.backend.tutor_app.servicesImpl.AuthServiceImpl -- Tentative d'inscription pour l'email: john.doe@example.com
18:55:46.279 [main] INFO com.backend.tutor_app.servicesImpl.AuthServiceImpl -- Inscription réussie pour l'utilisateur: john.doe@example.com
]]></system-out>
  </testcase>
  <testcase name="testRegister_UserTypeConversion" classname="Tests AuthServiceImpl - Logique Inscription" time="0.016">
    <system-out><![CDATA[18:55:46.294 [main] INFO com.backend.tutor_app.servicesImpl.AuthServiceImpl -- Tentative d'inscription pour l'email: john.doe@example.com
18:55:46.297 [main] INFO com.backend.tutor_app.servicesImpl.AuthServiceImpl -- Inscription réussie pour l'utilisateur: john.doe@example.com
]]></system-out>
  </testcase>
  <testcase name="testRegister_Success_Student" classname="Tests AuthServiceImpl - Logique Inscription" time="0.015">
    <system-out><![CDATA[18:55:46.312 [main] INFO com.backend.tutor_app.servicesImpl.AuthServiceImpl -- Tentative d'inscription pour l'email: john.doe@example.com
18:55:46.314 [main] INFO com.backend.tutor_app.servicesImpl.AuthServiceImpl -- Inscription réussie pour l'utilisateur: john.doe@example.com
]]></system-out>
  </testcase>
  <testcase name="testRegister_EmailAlreadyExists" classname="Tests AuthServiceImpl - Logique Inscription" time="0.012">
    <system-out><![CDATA[18:55:46.327 [main] INFO com.backend.tutor_app.servicesImpl.AuthServiceImpl -- Tentative d'inscription pour l'email: john.doe@example.com
18:55:46.328 [main] WARN com.backend.tutor_app.servicesImpl.AuthServiceImpl -- Tentative d'inscription avec un email déjà existant: john.doe@example.com
]]></system-out>
  </testcase>
</testsuite>